#
# A fatal error has been detected by the Java Runtime Environment:
#
#  EXCEPTION_ACCESS_VIOLATION (0xc0000005) at pc=0x6fa665ee, pid=12332, tid=0x0000165c
#
# JRE version: Java(TM) SE Runtime Environment (8.0_144-b01) (build 1.8.0_144-b01)
# Java VM: Java HotSpot(TM) Client VM (25.144-b01 mixed mode windows-x86 )
# Problematic frame:
# V  [jvm.dll+0xe65ee]
#
# Failed to write core dump. Minidumps are not enabled by default on client versions of Windows
#
# If you would like to submit a bug report, please visit:
#   http://bugreport.java.com/bugreport/crash.jsp
#

---------------  T H R E A D  ---------------

Current thread (0x28377c00):  JavaThread "EventThread COM4" [_thread_in_vm, id=5724, stack(0x28bb0000,0x28c00000)]

siginfo: ExceptionCode=0xc0000005, reading address 0x00000000

Registers:
EAX=0x00000000, EBX=0x2a2222d8, ECX=0x28377c00, EDX=0x0000009f
ESP=0x28bfb76c, EBP=0x28bfb788, ESI=0x00000000, EDI=0x28377c00
EIP=0x6fa665ee, EFLAGS=0x00010246

Top of Stack: (sp=0x28bfb76c)
0x28bfb76c:   28bfb7a4 28377d40 2a2222d8 28377c00
0x28bfb77c:   298e6874 0000009f 6fc620b8 28bff7e8
0x28bfb78c:   6400183d 28377d40 00000000 00000000
0x28bfb79c:   00004000 28bfb7a4 330a0d31 0d320a0d
0x28bfb7ac:   0a0d320a 320a0d33 0d320a0d 0a0d320a
0x28bfb7bc:   320a0d32 0d330a0d 0a0d320a 330a0d32
0x28bfb7cc:   0d320a0d 0a0d330a 320a0d33 0d320a0d
0x28bfb7dc:   0a0d330a 330a0d32 0d320a0d 0a0d320a 

Instructions: (pc=0x6fa665ee)
0x6fa665ce:   c4 08 83 7f 04 00 89 7d f0 c7 45 f4 00 00 00 00
0x6fa665de:   74 08 8d 4d f0 e8 28 1c 0c 00 8b 75 10 8b 45 0c
0x6fa665ee:   8b 10 85 f6 78 32 8b 45 14 85 c0 78 2b 8d 0c 06
0x6fa665fe:   3b 4a 08 77 23 85 c0 7e 3b 8b 4a 04 8b 49 04 83 


Register to memory mapping:

EAX=0x00000000 is an unknown value
EBX=0x2a2222d8 is an unknown value
ECX=0x28377c00 is a thread
EDX=0x0000009f is an unknown value
ESP=0x28bfb76c is pointing into the stack for thread: 0x28377c00
EBP=0x28bfb788 is pointing into the stack for thread: 0x28377c00
ESI=0x00000000 is an unknown value
EDI=0x28377c00 is a thread


Stack: [0x28bb0000,0x28c00000],  sp=0x28bfb76c,  free space=301k
Native frames: (J=compiled Java code, j=interpreted, Vv=VM code, C=native code)
V  [jvm.dll+0xe65ee]
C  [jSSC-2.8_x86.dll+0x183d]
J 4864  jssc.SerialNativeInterface.readBytes(JI)[B (0 bytes) @ 0x0494fa25 [0x0494f990+0x95]
J 7307 C1 processing.app.Serial.serialEvent(Ljssc/SerialPortEvent;)V (195 bytes) @ 0x04b10cf4 [0x04b10bc0+0x134]
J 4241 C1 jssc.SerialPort$EventThread.run()V (84 bytes) @ 0x04c62a18 [0x04c628b0+0x168]
v  ~StubRoutines::call_stub
V  [jvm.dll+0x15af45]
V  [jvm.dll+0x2213ae]
V  [jvm.dll+0x15afde]
V  [jvm.dll+0x15b166]
V  [jvm.dll+0x15b1d7]
V  [jvm.dll+0xff36f]
V  [jvm.dll+0x17dc30]
V  [jvm.dll+0x17e4aa]
V  [jvm.dll+0x1c2ec6]
C  [msvcr100.dll+0x5c556]
C  [msvcr100.dll+0x5c600]
C  [KERNEL32.DLL+0x18654]
C  [ntdll.dll+0x64b17]
C  [ntdll.dll+0x64ae7]
C  0x00000000

Java frames: (J=compiled Java code, j=interpreted, Vv=VM code)
J 4864  jssc.SerialNativeInterface.readBytes(JI)[B (0 bytes) @ 0x0494f9e1 [0x0494f990+0x51]
J 7307 C1 processing.app.Serial.serialEvent(Ljssc/SerialPortEvent;)V (195 bytes) @ 0x04b10cf4 [0x04b10bc0+0x134]
J 4241 C1 jssc.SerialPort$EventThread.run()V (84 bytes) @ 0x04c62a18 [0x04c628b0+0x168]
v  ~StubRoutines::call_stub

---------------  P R O C E S S  ---------------

Java Threads: ( => current thread )
  0x2837a400 JavaThread "Thread-189" [_thread_blocked, id=3280, stack(0x02a50000,0x02aa0000)]
  0x28379000 JavaThread "Thread-184" [_thread_blocked, id=1444, stack(0x28c40000,0x28c90000)]
=>0x28377c00 JavaThread "EventThread COM4" [_thread_in_vm, id=5724, stack(0x28bb0000,0x28c00000)]
  0x28378400 JavaThread "Thread-180" [_thread_blocked, id=7144, stack(0x27410000,0x27460000)]
  0x28376000 JavaThread "DestroyJavaVM" [_thread_blocked, id=14652, stack(0x044c0000,0x04510000)]
  0x28376c00 JavaThread "TimerQueue" daemon [_thread_blocked, id=2424, stack(0x2b6c0000,0x2b710000)]
  0x2837c800 JavaThread "AWT-EventQueue-0" [_thread_blocked, id=1392, stack(0x2b210000,0x2b260000)]
  0x2837b800 JavaThread "AWT-Shutdown" [_thread_blocked, id=976, stack(0x2b180000,0x2b1d0000)]
  0x29983c00 JavaThread "Batik CleanerThread" daemon [_thread_blocked, id=628, stack(0x28970000,0x289c0000)]
  0x29983400 JavaThread "Timer-0" [_thread_blocked, id=792, stack(0x2a950000,0x2a9a0000)]
  0x29984000 JavaThread "JmDNS(DESKTOP-76P9QRL.local.).State.Timer" daemon [_thread_blocked, id=13900, stack(0x2a8c0000,0x2a910000)]
  0x29982c00 JavaThread "JmDNS(DESKTOP-76P9QRL.local.).Timer" daemon [_thread_blocked, id=6644, stack(0x2a830000,0x2a880000)]
  0x29984800 JavaThread "SocketListener(DESKTOP-76P9QRL.local.)" daemon [_thread_blocked, id=3624, stack(0x2a7a0000,0x2a7f0000)]
  0x2999f400 JavaThread "JmDNS(DESKTOP-76P9QRL.local.).State.Timer" daemon [_thread_blocked, id=15424, stack(0x2a580000,0x2a5d0000)]
  0x2997e800 JavaThread "JmDNS(DESKTOP-76P9QRL.local.).Timer" daemon [_thread_blocked, id=3568, stack(0x2a4f0000,0x2a540000)]
  0x2997e000 JavaThread "SocketListener(DESKTOP-76P9QRL.local.)" daemon [_thread_in_native, id=8508, stack(0x2a460000,0x2a4b0000)]
  0x2996f400 JavaThread "Multihomed mDNS.Timer" daemon [_thread_blocked, id=6068, stack(0x2a390000,0x2a3e0000)]
  0x29953000 JavaThread "cc.arduino.packages.discoverers.serial.SerialBoardsLister" [_thread_blocked, id=8340, stack(0x2a300000,0x2a350000)]
  0x28514c00 JavaThread "AWT-Windows" daemon [_thread_blocked, id=784, stack(0x28a00000,0x28a50000)]
  0x28513800 JavaThread "Java2D Disposer" daemon [_thread_blocked, id=15212, stack(0x288e0000,0x28930000)]
  0x27c44800 JavaThread "Service Thread" daemon [_thread_blocked, id=1492, stack(0x281d0000,0x28220000)]
  0x27c3f800 JavaThread "C1 CompilerThread0" daemon [_thread_blocked, id=10564, stack(0x28140000,0x28190000)]
  0x27c3e000 JavaThread "Attach Listener" daemon [_thread_blocked, id=3872, stack(0x280b0000,0x28100000)]
  0x27c3c000 JavaThread "Signal Dispatcher" daemon [_thread_blocked, id=13908, stack(0x26fe0000,0x27030000)]
  0x27c2b800 JavaThread "Finalizer" daemon [_thread_blocked, id=10336, stack(0x27f30000,0x27f80000)]
  0x27c15800 JavaThread "Reference Handler" daemon [_thread_blocked, id=4992, stack(0x27ea0000,0x27ef0000)]

Other Threads:
  0x0461e400 VMThread [stack: 0x27e10000,0x27e60000] [id=12992]
  0x27c48800 WatcherThread [stack: 0x28260000,0x282b0000] [id=3888]

VM state:synchronizing (normal execution)

VM Mutex/Monitor currently owned by a thread:  ([mutex/lock_event])
[0x0467d5b0] Threads_lock - owner thread: 0x0461e400
[0x0467c848] Heap_lock - owner thread: 0x2837a400

Heap:
 def new generation   total 157248K, used 157247K [0x06a00000, 0x114a0000, 0x114a0000)
  eden space 139776K, 100% used [0x06a00000, 0x0f280000, 0x0f280000)
  from space 17472K,  99% used [0x10390000, 0x1149ff30, 0x114a0000)
  to   space 17472K,   0% used [0x0f280000, 0x0f280000, 0x10390000)
 tenured generation   total 349568K, used 349568K [0x114a0000, 0x26a00000, 0x26a00000)
   the space 349568K, 100% used [0x114a0000, 0x26a00000, 0x26a00000, 0x26a00000)
 Metaspace       used 19182K, capacity 19618K, committed 19840K, reserved 19840K

Card table byte_map: [0x068d0000,0x069e0000] byte_map_base: 0x0689b000

Polling page: 0x04620000

CodeCache: size=32768Kb used=3144Kb max_used=4896Kb free=29623Kb
 bounds [0x04850000, 0x04d20000, 0x06850000]
 total_blobs=1763 nmethods=1481 adapters=209
 compilation: enabled

Compilation events (10 events):
Event: 2538.130 Thread 0x27c3f800 12554             com.github.zafarkhaja.semver.util.Stream::positiveLookahead (45 bytes)
Event: 2538.131 Thread 0x27c3f800 nmethod 12554 0x04d14a88 code [0x04d14b90, 0x04d14ccc]
Event: 2538.132 Thread 0x27c3f800 12555             java.util.Formatter$FormatSpecifier::checkBadFlags (39 bytes)
Event: 2538.132 Thread 0x27c3f800 nmethod 12555 0x04cdde08 code [0x04cddf20, 0x04cde088]
Event: 2538.914 Thread 0x27c3f800 12556             java.util.regex.Pattern$BitClass::isSatisfiedBy (22 bytes)
Event: 2538.914 Thread 0x27c3f800 nmethod 12556 0x04cddb88 code [0x04cddc80, 0x04cddd50]
Event: 2538.914 Thread 0x27c3f800 12557   !         java.util.regex.Pattern::matcher (44 bytes)
Event: 2540.257 Thread 0x27c3f800 nmethod 12557 0x04d0d248 code [0x04d0d360, 0x04d0d5f8]
Event: 2544.498 Thread 0x27c3f800 12558   !         java.util.Formatter::format (271 bytes)
Event: 2558.473 Thread 0x27c3f800 nmethod 12558 0x04af5a08 code [0x04af5c00, 0x04af625c]

GC Heap History (10 events):
Event: 2565.033 GC heap before
{Heap before GC invocations=159 (full 97):
 def new generation   total 157248K, used 157247K [0x06a00000, 0x114a0000, 0x114a0000)
  eden space 139776K, 100% used [0x06a00000, 0x0f280000, 0x0f280000)
  from space 17472K,  99% used [0x10390000, 0x1149ff90, 0x114a0000)
  to   space 17472K,   0% used [0x0f280000, 0x0f280000, 0x10390000)
 tenured generation   total 349568K, used 349568K [0x114a0000, 0x26a00000, 0x26a00000)
   the space 349568K, 100% used [0x114a0000, 0x26a00000, 0x26a00000, 0x26a00000)
 Metaspace       used 19182K, capacity 19618K, committed 19840K, reserved 19840K
Event: 2566.412 GC heap after
Heap after GC invocations=160 (full 98):
 def new generation   total 157248K, used 157241K [0x06a00000, 0x114a0000, 0x114a0000)
  eden space 139776K,  99% used [0x06a00000, 0x0f27eaf0, 0x0f280000)
  from space 17472K,  99% used [0x10390000, 0x1149fc60, 0x114a0000)
  to   space 17472K,   0% used [0x0f280000, 0x0f280000, 0x10390000)
 tenured generation   total 349568K, used 349568K [0x114a0000, 0x26a00000, 0x26a00000)
   the space 349568K, 100% used [0x114a0000, 0x26a00000, 0x26a00000, 0x26a00000)
 Metaspace       used 19182K, capacity 19618K, committed 19840K, reserved 19840K
}
Event: 2566.412 GC heap before
{Heap before GC invocations=160 (full 98):
 def new generation   total 157248K, used 157247K [0x06a00000, 0x114a0000, 0x114a0000)
  eden space 139776K, 100% used [0x06a00000, 0x0f280000, 0x0f280000)
  from space 17472K,  99% used [0x10390000, 0x1149ffb8, 0x114a0000)
  to   space 17472K,   0% used [0x0f280000, 0x0f280000, 0x10390000)
 tenured generation   total 349568K, used 349568K [0x114a0000, 0x26a00000, 0x26a00000)
   the space 349568K, 100% used [0x114a0000, 0x26a00000, 0x26a00000, 0x26a00000)
 Metaspace       used 19182K, capacity 19618K, committed 19840K, reserved 19840K
Event: 2567.775 GC heap after
Heap after GC invocations=161 (full 99):
 def new generation   total 157248K, used 157243K [0x06a00000, 0x114a0000, 0x114a0000)
  eden space 139776K,  99% used [0x06a00000, 0x0f27f068, 0x0f280000)
  from space 17472K,  99% used [0x10390000, 0x1149fc88, 0x114a0000)
  to   space 17472K,   0% used [0x0f280000, 0x0f280000, 0x10390000)
 tenured generation   total 349568K, used 349568K [0x114a0000, 0x26a00000, 0x26a00000)
   the space 349568K, 100% used [0x114a0000, 0x26a00000, 0x26a00000, 0x26a00000)
 Metaspace       used 19182K, capacity 19618K, committed 19840K, reserved 19840K
}
Event: 2567.776 GC heap before
{Heap before GC invocations=161 (full 99):
 def new generation   total 157248K, used 157247K [0x06a00000, 0x114a0000, 0x114a0000)
  eden space 139776K, 100% used [0x06a00000, 0x0f280000, 0x0f280000)
  from space 17472K,  99% used [0x10390000, 0x1149fff0, 0x114a0000)
  to   space 17472K,   0% used [0x0f280000, 0x0f280000, 0x10390000)
 tenured generation   total 349568K, used 349568K [0x114a0000, 0x26a00000, 0x26a00000)
   the space 349568K, 100% used [0x114a0000, 0x26a00000, 0x26a00000, 0x26a00000)
 Metaspace       used 19182K, capacity 19618K, committed 19840K, reserved 19840K
Event: 2569.146 GC heap after
Heap after GC invocations=162 (full 100):
 def new generation   total 157248K, used 157227K [0x06a00000, 0x114a0000, 0x114a0000)
  eden space 139776K,  99% used [0x06a00000, 0x0f27b030, 0x0f280000)
  from space 17472K,  99% used [0x10390000, 0x1149ff98, 0x114a0000)
  to   space 17472K,   0% used [0x0f280000, 0x0f280000, 0x10390000)
 tenured generation   total 349568K, used 349568K [0x114a0000, 0x26a00000, 0x26a00000)
   the space 349568K, 100% used [0x114a0000, 0x26a00000, 0x26a00000, 0x26a00000)
 Metaspace       used 19182K, capacity 19618K, committed 19840K, reserved 19840K
}
Event: 2569.147 GC heap before
{Heap before GC invocations=162 (full 100):
 def new generation   total 157248K, used 157244K [0x06a00000, 0x114a0000, 0x114a0000)
  eden space 139776K,  99% used [0x06a00000, 0x0f27f230, 0x0f280000)
  from space 17472K,  99% used [0x10390000, 0x1149ff98, 0x114a0000)
  to   space 17472K,   0% used [0x0f280000, 0x0f280000, 0x10390000)
 tenured generation   total 349568K, used 349568K [0x114a0000, 0x26a00000, 0x26a00000)
   the space 349568K, 100% used [0x114a0000, 0x26a00000, 0x26a00000, 0x26a00000)
 Metaspace       used 19182K, capacity 19618K, committed 19840K, reserved 19840K
Event: 2570.528 GC heap after
Heap after GC invocations=163 (full 101):
 def new generation   total 157248K, used 157232K [0x06a00000, 0x114a0000, 0x114a0000)
  eden space 139776K,  99% used [0x06a00000, 0x0f27c3c0, 0x0f280000)
  from space 17472K,  99% used [0x10390000, 0x1149ff30, 0x114a0000)
  to   space 17472K,   0% used [0x0f280000, 0x0f280000, 0x10390000)
 tenured generation   total 349568K, used 349568K [0x114a0000, 0x26a00000, 0x26a00000)
   the space 349568K, 100% used [0x114a0000, 0x26a00000, 0x26a00000, 0x26a00000)
 Metaspace       used 19182K, capacity 19618K, committed 19840K, reserved 19840K
}
Event: 2570.528 GC heap before
{Heap before GC invocations=163 (full 101):
 def new generation   total 157248K, used 157232K [0x06a00000, 0x114a0000, 0x114a0000)
  eden space 139776K,  99% used [0x06a00000, 0x0f27c3c0, 0x0f280000)
  from space 17472K,  99% used [0x10390000, 0x1149ff30, 0x114a0000)
  to   space 17472K,   0% used [0x0f280000, 0x0f280000, 0x10390000)
 tenured generation   total 349568K, used 349568K [0x114a0000, 0x26a00000, 0x26a00000)
   the space 349568K, 100% used [0x114a0000, 0x26a00000, 0x26a00000, 0x26a00000)
 Metaspace       used 19182K, capacity 19618K, committed 19840K, reserved 19840K
Event: 2571.893 GC heap after
Heap after GC invocations=164 (full 102):
 def new generation   total 157248K, used 157232K [0x06a00000, 0x114a0000, 0x114a0000)
  eden space 139776K,  99% used [0x06a00000, 0x0f27c3c0, 0x0f280000)
  from space 17472K,  99% used [0x10390000, 0x1149ff30, 0x114a0000)
  to   space 17472K,   0% used [0x0f280000, 0x0f280000, 0x10390000)
 tenured generation   total 349568K, used 349568K [0x114a0000, 0x26a00000, 0x26a00000)
   the space 349568K, 100% used [0x114a0000, 0x26a00000, 0x26a00000, 0x26a00000)
 Metaspace       used 19182K, capacity 19618K, committed 19840K, reserved 19840K
}

Deoptimization events (0 events):
No events

Internal exceptions (10 events):
Event: 2537.263 Thread 0x2837c800 Exception <a 'java/io/IOException'> (0x0f237cf8) thrown at [C:\workspace\8-2-build-windows-i586-cygwin\jdk8u144\9417\hotspot\src\share\vm\prims\jni.cpp, line 709]
Event: 2537.263 Thread 0x2837c800 Exception <a 'java/io/IOException'> (0x0f238430) thrown at [C:\workspace\8-2-build-windows-i586-cygwin\jdk8u144\9417\hotspot\src\share\vm\prims\jni.cpp, line 709]
Event: 2537.264 Thread 0x2837c800 Exception <a 'java/io/IOException'> (0x0f238790) thrown at [C:\workspace\8-2-build-windows-i586-cygwin\jdk8u144\9417\hotspot\src\share\vm\prims\jni.cpp, line 709]
Event: 2537.264 Thread 0x2837c800 Exception <a 'java/io/IOException'> (0x0f257938) thrown at [C:\workspace\8-2-build-windows-i586-cygwin\jdk8u144\9417\hotspot\src\share\vm\prims\jni.cpp, line 709]
Event: 2537.266 Thread 0x28378400 Exception <a 'sun/nio/fs/WindowsException'> (0x11497298) thrown at [C:\workspace\8-2-build-windows-i586-cygwin\jdk8u144\9417\hotspot\src\share\vm\prims\jni.cpp, line 709]
Event: 2537.267 Thread 0x28378400 Exception <a 'sun/nio/fs/WindowsException'> (0x11498188) thrown at [C:\workspace\8-2-build-windows-i586-cygwin\jdk8u144\9417\hotspot\src\share\vm\prims\jni.cpp, line 709]
Event: 2538.132 Thread 0x28378400 Exception <a 'sun/nio/fs/WindowsException'> (0x0f27fed0) thrown at [C:\workspace\8-2-build-windows-i586-cygwin\jdk8u144\9417\hotspot\src\share\vm\prims\jni.cpp, line 709]
Event: 2538.132 Thread 0x28378400 Exception <a 'sun/nio/fs/WindowsException'> (0x114953d8) thrown at [C:\workspace\8-2-build-windows-i586-cygwin\jdk8u144\9417\hotspot\src\share\vm\prims\jni.cpp, line 709]
Event: 2567.775 Thread 0x28378400 Exception <a 'sun/nio/fs/WindowsException'> (0x1149fc60) thrown at [C:\workspace\8-2-build-windows-i586-cygwin\jdk8u144\9417\hotspot\src\share\vm\prims\jni.cpp, line 709]
Event: 2571.893 Thread 0x28377c00 Exception <a 'java/lang/OutOfMemoryError'> (0x114f9220) thrown at [C:\workspace\8-2-build-windows-i586-cygwin\jdk8u144\9417\hotspot\src\share\vm\gc_interface/collectedHeap.inline.hpp, line 159]

Events (10 events):
Event: 2566.412 Executing VM operation: GenCollectForAllocation done
Event: 2566.412 Thread 0x27c3f800 flushing nmethod 0x04b0a388
Event: 2566.412 Thread 0x27c3f800 flushing nmethod 0x04b0a708
Event: 2566.412 Thread 0x27c3f800 flushing nmethod 0x04b0a908
Event: 2566.412 Executing VM operation: GenCollectForAllocation
Event: 2567.775 Executing VM operation: GenCollectForAllocation done
Event: 2567.775 Executing VM operation: GenCollectForAllocation
Event: 2569.147 Executing VM operation: GenCollectForAllocation done
Event: 2569.147 Executing VM operation: GenCollectForAllocation
Event: 2571.893 Executing VM operation: GenCollectForAllocation done


Dynamic libraries:
0x00170000 - 0x001a3000 	C:\Program Files (x86)\Arduino\java\bin\javaw.exe
0x77e40000 - 0x77fcd000 	C:\Windows\SYSTEM32\ntdll.dll
0x75560000 - 0x75630000 	C:\Windows\System32\KERNEL32.DLL
0x75740000 - 0x75917000 	C:\Windows\System32\KERNELBASE.dll
0x75110000 - 0x75188000 	C:\Windows\System32\ADVAPI32.dll
0x74e20000 - 0x74edd000 	C:\Windows\System32\msvcrt.dll
0x759c0000 - 0x75a03000 	C:\Windows\System32\sechost.dll
0x75aa0000 - 0x75b5e000 	C:\Windows\System32\RPCRT4.dll
0x74860000 - 0x74880000 	C:\Windows\System32\SspiCli.dll
0x74850000 - 0x7485a000 	C:\Windows\System32\CRYPTBASE.dll
0x77300000 - 0x77357000 	C:\Windows\System32\bcryptPrimitives.dll
0x77140000 - 0x772b5000 	C:\Windows\System32\USER32.dll
0x75380000 - 0x75396000 	C:\Windows\System32\win32u.dll
0x772d0000 - 0x772f2000 	C:\Windows\System32\GDI32.dll
0x75220000 - 0x7537e000 	C:\Windows\System32\gdi32full.dll
0x74da0000 - 0x74e1c000 	C:\Windows\System32\msvcp_win.dll
0x77d20000 - 0x77e37000 	C:\Windows\System32\ucrtbase.dll
0x72c50000 - 0x72e61000 	C:\Windows\WinSxS\x86_microsoft.windows.common-controls_6595b64144ccf1df_6.0.16299.371_none_5d75084fa7e1cb96\COMCTL32.dll
0x77a30000 - 0x77c76000 	C:\Windows\System32\combase.dll
0x77360000 - 0x77385000 	C:\Windows\System32\IMM32.DLL
0x6fd50000 - 0x6fe0f000 	C:\Program Files (x86)\Arduino\java\bin\msvcr100.dll
0x6f980000 - 0x6fd4e000 	C:\Program Files (x86)\Arduino\java\bin\client\jvm.dll
0x75550000 - 0x75556000 	C:\Windows\System32\PSAPI.DLL
0x70ce0000 - 0x70d04000 	C:\Windows\SYSTEM32\WINMM.dll
0x72fe0000 - 0x72fe8000 	C:\Windows\SYSTEM32\VERSION.dll
0x72790000 - 0x72798000 	C:\Windows\SYSTEM32\WSOCK32.dll
0x75b60000 - 0x75bc6000 	C:\Windows\System32\WS2_32.dll
0x70c20000 - 0x70c43000 	C:\Windows\SYSTEM32\WINMMBASE.dll
0x75920000 - 0x75958000 	C:\Windows\System32\cfgmgr32.dll
0x6f950000 - 0x6f980000 	C:\Program Files (x86)\Arduino\java\bin\splashscreen.dll
0x72ad0000 - 0x72b49000 	C:\Windows\system32\uxtheme.dll
0x6f940000 - 0x6f94c000 	C:\Program Files (x86)\Arduino\java\bin\verify.dll
0x6f910000 - 0x6f931000 	C:\Program Files (x86)\Arduino\java\bin\java.dll
0x74ee0000 - 0x75024000 	C:\Windows\System32\MSCTF.dll
0x77c80000 - 0x77d13000 	C:\Windows\System32\OLEAUT32.dll
0x6f8f0000 - 0x6f903000 	C:\Program Files (x86)\Arduino\java\bin\zip.dll
0x772c0000 - 0x772ce000 	C:\Windows\System32\kernel.appcore.dll
0x6f870000 - 0x6f8e7000 	C:\Windows\System32\TextInputFramework.dll
0x6f630000 - 0x6f864000 	C:\Windows\System32\CoreUIComponents.dll
0x6f5a0000 - 0x6f62c000 	C:\Windows\System32\CoreMessaging.dll
0x75190000 - 0x75218000 	C:\Windows\System32\SHCORE.dll
0x704d0000 - 0x704f8000 	C:\Windows\SYSTEM32\ntmarta.dll
0x705a0000 - 0x7066b000 	C:\Windows\SYSTEM32\wintypes.dll
0x72bf0000 - 0x72c13000 	C:\Windows\system32\dwmapi.dll
0x75be0000 - 0x76f13000 	C:\Windows\System32\SHELL32.dll
0x77390000 - 0x77956000 	C:\Windows\System32\windows.storage.dll
0x770f0000 - 0x77135000 	C:\Windows\System32\shlwapi.dll
0x77960000 - 0x779a5000 	C:\Windows\System32\powrprof.dll
0x779b0000 - 0x779c4000 	C:\Windows\System32\profapi.dll
0x61940000 - 0x619b2000 	C:\Program Files (x86)\Arduino\lib\listSerialsj.dll
0x74910000 - 0x74d36000 	C:\Windows\System32\SETUPAPI.dll
0x6f580000 - 0x6f59d000 	C:\Program Files (x86)\Arduino\lib\jnidispatch-4.2.2-win32-x86.dll
0x75630000 - 0x75727000 	C:\Windows\System32\Ole32.dll
0x6f560000 - 0x6f576000 	C:\Program Files (x86)\Arduino\java\bin\net.dll
0x70c80000 - 0x70cd5000 	C:\Windows\system32\mswsock.dll
0x6f550000 - 0x6f55f000 	C:\Program Files (x86)\Arduino\java\bin\nio.dll
0x6f400000 - 0x6f545000 	C:\Program Files (x86)\Arduino\java\bin\awt.dll
0x747b0000 - 0x7484a000 	C:\Windows\SYSTEM32\apphelp.dll
0x6f3c0000 - 0x6f3f9000 	C:\Program Files (x86)\Arduino\java\bin\fontmanager.dll
0x6f2e0000 - 0x6f3bf000 	C:\Windows\system32\opengl32.dll
0x6f2b0000 - 0x6f2d5000 	C:\Windows\SYSTEM32\GLU32.dll
0x6f270000 - 0x6f2a2000 	C:\Program Files (x86)\Arduino\java\bin\t2k.dll
0x5ca30000 - 0x5ca52000 	C:\Windows\SYSTEM32\DEVOBJ.dll
0x76f20000 - 0x76f66000 	C:\Windows\System32\WINTRUST.dll
0x75730000 - 0x7573e000 	C:\Windows\System32\MSASN1.dll
0x753c0000 - 0x75542000 	C:\Windows\System32\CRYPT32.dll
0x74460000 - 0x74490000 	C:\Windows\SYSTEM32\IPHLPAPI.DLL
0x76f70000 - 0x76f77000 	C:\Windows\System32\NSI.dll
0x6f250000 - 0x6f263000 	C:\Windows\SYSTEM32\dhcpcsvc6.DLL
0x73dc0000 - 0x73dd4000 	C:\Windows\SYSTEM32\dhcpcsvc.DLL
0x70a40000 - 0x70ad4000 	C:\Windows\SYSTEM32\DNSAPI.dll
0x6eae0000 - 0x6eae8000 	C:\Windows\System32\rasadhlp.dll
0x65070000 - 0x650be000 	C:\Windows\System32\fwpuclnt.dll
0x74440000 - 0x74459000 	C:\Windows\SYSTEM32\bcrypt.dll
0x6f180000 - 0x6f1e9000 	C:\Program Files (x86)\Arduino\msvcp100.dll
0x6f0c0000 - 0x6f17e000 	C:\Program Files (x86)\Arduino\msvcr100.dll
0x2abe0000 - 0x2ac12000 	C:\Program Files (x86)\Arduino\lib\AStylej.dll
0x6f090000 - 0x6f0b4000 	C:\Program Files (x86)\Arduino\java\bin\dcpr.dll
0x74880000 - 0x74902000 	C:\Windows\System32\clbcatq.dll
0x6ef20000 - 0x6f08e000 	C:\Windows\SYSTEM32\WindowsCodecs.dll
0x6eed0000 - 0x6ef18000 	C:\Windows\system32\dataexchange.dll
0x6ec90000 - 0x6eece000 	C:\Windows\system32\d3d11.dll
0x6eb90000 - 0x6ec8e000 	C:\Windows\system32\dcomp.dll
0x6eaf0000 - 0x6eb83000 	C:\Windows\system32\dxgi.dll
0x70040000 - 0x70174000 	C:\Windows\system32\twinapi.appcore.dll
0x70020000 - 0x7003a000 	C:\Windows\system32\RMCLIENT.dll
0x64f90000 - 0x64fe5000 	C:\Windows\system32\Ninput.dll
0x64000000 - 0x6401b000 	C:\Program Files (x86)\Arduino\lib\jSSC-2.8_x86.dll
0x75030000 - 0x75104000 	C:\Windows\System32\COMDLG32.dll
0x70550000 - 0x70566000 	C:\Windows\SYSTEM32\CLDAPI.dll
0x70540000 - 0x70548000 	C:\Windows\SYSTEM32\FLTLIB.DLL
0x70500000 - 0x70536000 	C:\Windows\SYSTEM32\AEPIC.dll
0x73e10000 - 0x73e23000 	C:\Windows\SYSTEM32\cryptsp.dll
0x72870000 - 0x729eb000 	C:\Windows\system32\propsys.dll
0x5c860000 - 0x5c8e7000 	C:\Program Files (x86)\Common Files\microsoft shared\ink\tiptsf.dll
0x540e0000 - 0x5411d000 	C:\Windows\SYSTEM32\edputil.dll
0x5c810000 - 0x5c85e000 	C:\Windows\System32\thumbcache.dll
0x54140000 - 0x54208000 	C:\Windows\SYSTEM32\ntshrui.dll
0x54120000 - 0x5413c000 	C:\Windows\SYSTEM32\srvcli.dll
0x56080000 - 0x5608f000 	C:\Windows\SYSTEM32\cscapi.dll
0x54210000 - 0x54279000 	C:\Windows\SYSTEM32\policymanager.dll
0x547f0000 - 0x54857000 	C:\Windows\SYSTEM32\msvcp110_win.dll
0x736d0000 - 0x736da000 	C:\Windows\SYSTEM32\Secur32.dll
0x6fe10000 - 0x6fe25000 	C:\Windows\SYSTEM32\samcli.dll
0x5c7f0000 - 0x5c809000 	C:\Windows\SYSTEM32\SAMLIB.dll
0x709b0000 - 0x709bb000 	C:\Windows\SYSTEM32\netutils.dll
0x54310000 - 0x54394000 	C:\Windows\System32\Windows.StateRepositoryPS.dll
0x52620000 - 0x528b0000 	C:\Users\Justin Tan\AppData\Local\Microsoft\OneDrive\18.044.0301.0006\FileSyncShell.dll
0x74410000 - 0x74419000 	C:\Windows\SYSTEM32\ktmw32.dll
0x74140000 - 0x74404000 	C:\Windows\SYSTEM32\WININET.dll
0x6a520000 - 0x6a5ae000 	C:\Windows\WinSxS\x86_microsoft.windows.common-controls_6595b64144ccf1df_5.82.16299.371_none_d02abd455f338e37\comctl32.dll
0x70e20000 - 0x70fa1000 	C:\Windows\SYSTEM32\dbghelp.dll

VM Arguments:
jvm_args: -Dsun.java2d.d3d=false -Djna.nosys=true -Djna.nounpack=true -Djna.boot.library.name=jnidispatch-4.2.2-win32-x86 -Djna.boot.library.path=C:\Program Files (x86)\Arduino/lib -Djssc.library.path=C:\Program Files (x86)\Arduino/lib -DAPP_DIR=C:\Program Files (x86)\Arduino -Xms128M -Xmx512M 
java_command: processing.app.Base C:\Users\Justin Tan\Google Drive\Robotics 2018\Robocup\Copper Pipes 2k18\Program\2018_v6.0\2018_v6.0.ino
java_class_path (initial): C:\Program Files (x86)\Arduino\lib\apple.jar;C:\Program Files (x86)\Arduino\lib\arduino-core.jar;C:\Program Files (x86)\Arduino\lib\batik-1.8.jar;C:\Program Files (x86)\Arduino\lib\batik-anim-1.8.jar;C:\Program Files (x86)\Arduino\lib\batik-awt-util-1.8.jar;C:\Program Files (x86)\Arduino\lib\batik-bridge-1.8.jar;C:\Program Files (x86)\Arduino\lib\batik-codec-1.8.jar;C:\Program Files (x86)\Arduino\lib\batik-css-1.8.jar;C:\Program Files (x86)\Arduino\lib\batik-dom-1.8.jar;C:\Program Files (x86)\Arduino\lib\batik-ext-1.8.jar;C:\Program Files (x86)\Arduino\lib\batik-gvt-1.8.jar;C:\Program Files (x86)\Arduino\lib\batik-parser-1.8.jar;C:\Program Files (x86)\Arduino\lib\batik-rasterizer-1.8.jar;C:\Program Files (x86)\Arduino\lib\batik-script-1.8.jar;C:\Program Files (x86)\Arduino\lib\batik-squiggle-1.8.jar;C:\Program Files (x86)\Arduino\lib\batik-svg-dom-1.8.jar;C:\Program Files (x86)\Arduino\lib\batik-svgpp-1.8.jar;C:\Program Files (x86)\Arduino\lib\batik-transcoder-1.8.jar;C:\Program Files (x86)\Arduino\lib\batik-util-1.8.jar;C:\Program Files (x86)\Arduino\lib\batik-xml-1.8.jar;C:\Program Files (x86)\Arduino\lib\bcpg-jdk15on-152.jar;C:\Program Files (x86)\Arduino\lib\bcprov-jdk15on-152.jar;C:\Program Files (x86)\Arduino\lib\commons-codec-1.7.jar;C:\Program Files (x86)\Arduino\lib\commons-compress-1.8.jar;C:\Program Files (x86)\Arduino\lib\commons-exec-1.1.jar;C:\Program Files (x86)\Arduino\lib\commons-httpclient-3.1.jar;C:\Program Files (x86)\Arduino\lib\commons-lang3-3.3.2.jar;C:\Program Files (x86)\Arduino\lib\commons-logging-1.0.4.jar;C:\Program Files (x86)\Arduino\lib\commons-net-3.3.jar;C:\Program Files (x86)\Arduino\lib\jackson-annotations-2.6.3.jar;C:\Program Files (x86)\Arduino\lib\jackson-core-2.6.3.jar;C:\Program Files (x86)\Arduino\lib\jackson-databind-2.6.3.jar;C:\Program Files (x86)\Arduino\lib\jackson-module-mrbean-2.6.3.jar;C:\Program Files (x86)\Arduino\lib\java-semver-0.8.0.jar;C:\Program Files (x86)\Arduino\lib\jmdns-3.5.1.j
Launcher Type: SUN_STANDARD

Environment Variables:
PATH=C:\Program Files (x86)\Intel\iCLS Client\;C:\Program Files\Intel\iCLS Client\;C:\Windows\system32;C:\Windows;C:\Windows\System32\Wbem;C:\Windows\System32\WindowsPowerShell\v1.0\;C:\Program Files (x86)\Intel\Intel(R) Management Engine Components\DAL;C:\Program Files\Intel\Intel(R) Management Engine Components\DAL;C:\Program Files (x86)\Intel\Intel(R) Management Engine Components\IPT;C:\Program Files\Intel\Intel(R) Management Engine Components\IPT;C:\Program Files\Git\cmd;C:\TDM-GCC-64\bin;C:\Program Files\PuTTY\;C:\Program Files (x86)\Python\Python 3.6\Scripts\;C:\Program Files (x86)\Python\Python 3.6\;C:\Users\Justin Tan\AppData\Local\Microsoft\WindowsApps;C:\Program Files\Microsoft VS Code\bin;C:\Program Files (x86)\Arduino\java\bin
USERNAME=Justin Tan
OS=Windows_NT
PROCESSOR_IDENTIFIER=Intel64 Family 6 Model 142 Stepping 10, GenuineIntel



---------------  S Y S T E M  ---------------

OS: Windows 10.0 , 64 bit Build 16299 (10.0.16299.15)

CPU:total 8 (initial active 8) (4 cores per cpu, 2 threads per core) family 6 model 142 stepping 10, cmov, cx8, fxsr, mmx, sse, sse2, sse3, ssse3, sse4.1, sse4.2, popcnt, avx, avx2, aes, clmul, erms, 3dnowpref, lzcnt, ht, tsc, tscinvbit, bmi1, bmi2, adx

Memory: 4k page, physical 8286500k(3658216k free), swap 9597220k(3150048k free)

vm_info: Java HotSpot(TM) Client VM (25.144-b01) for windows-x86 JRE (1.8.0_144-b01), built on Jul 21 2017 21:58:05 by "java_re" with MS VC++ 10.0 (VS2010)

time: Sun Apr 22 01:02:43 2018
elapsed time: 2571 seconds (0d 0h 42m 51s)

